<?xml version="1.0" encoding="UTF-8"?>
<!-- Generated by org.testng.reporters.JUnitXMLReporter -->
<testsuite ignored="2" hostname="Amitts-MacBook-Pro.local" failures="0" tests="2" name="Surefire test" time="2.899" errors="0" timestamp="2025-09-02T17:33:32 IST">
  <testcase classname="userApis.LoginUserApiTest" name="loginTest" time="2.849"/>
  <testcase classname="productApis.ListProductApiTest" name="getAllProductTest" time="0.0"/>
  <testcase classname="base.BaseTest" name="@BeforeSuite beforeSuite" time="0.0">
    <ignored/>
  </testcase> <!-- @BeforeSuite beforeSuite -->
  <testcase classname="base.BaseTest" name="@BeforeSuite beforeSuite" time="0.0">
    <ignored/>
  </testcase> <!-- @BeforeSuite beforeSuite -->
</testsuite> <!-- Surefire test -->
