<?xml version="1.0" encoding="UTF-8"?>
<testsuite xmlns:xsi="http://www.w3.org/2001/XMLSchema-instance" xsi:noNamespaceSchemaLocation="https://maven.apache.org/surefire/maven-surefire-plugin/xsd/surefire-test-report-3.0.xsd" version="3.0" name="TestSuite" time="3.415" tests="2" errors="0" skipped="0" failures="0">
  <properties>
[...]
</properties>
  <testcase name="loginTest" classname="userApis.LoginUserApiTest" time="2.85">
    <system-out><![CDATA[****************************************************
Test Suite Initialized
Environment picked from POM/profile: prod
Base URL: https://custom-juice-shop.onrender.com
Auth Token: your_prod_token
Connect Timeout: 5000
Read Timeout: 10000
****************************************************
****** Tests on Prod may take time , machines takes time to start if went to sleep ******
****************************************************
>>>>>  Test Running: loginTest
]]></system-out>
    <system-err><![CDATA[SLF4J: Failed to load class "org.slf4j.impl.StaticLoggerBinder".
SLF4J: Defaulting to no-operation (NOP) logger implementation
SLF4J: See http://www.slf4j.org/codes.html#StaticLoggerBinder for further details.
]]></system-err>
  </testcase>
  <testcase name="getAllProductTest" classname="productApis.ListProductApiTest" time="0.0">
    <system-out><![CDATA[>>>>>  Test Running: getAllProductTest
]]></system-out>
  </testcase>
</testsuite>